aemw/alalakh/idrimi
amgg
armep
blms
cams
cams/anzu
cams/barutu
cams/etana
cams/gkab
cams/ludlul
cams/selbi
ccpo
ckst
cmawro
cmawro/cmawr1
contrib
contrib/amarna
contrib/lambert
ctij
dcclt
dcclt/nineveh
dcclt/signlists
dccmt
etcsri
glass
hbtin
issl
lacost
nimrud/texts
obmc
obta
ogsl
riao
ribo/bab7scores
ribo/babylon10
ribo/babylon2
ribo/babylon3
ribo/babylon4
ribo/babylon5
ribo/babylon6
ribo/babylon7
ribo/babylon8
ribo/sources
rimanum
rinap/rinap1
rinap/rinap3
rinap/rinap4
rinap/scores
rinap/sources
saao/saa01
saao/saa02
saao/saa03
saao/saa04
saao/saa05
saao/saa06
saao/saa07
saao/saa08
saao/saa09
saao/saa10
saao/saa11
saao/saa12
saao/saa13
saao/saa14
saao/saa15
saao/saa16
saao/saa17
saao/saa18
saao/saa19
saao/saa20
saao/saas2
suhu
#cdli
